<html>
<head>
<title>TestNG:  JewelryFlowTests</title>
<link href="../testng.css" rel="stylesheet" type="text/css" />
<link href="../my-testng.css" rel="stylesheet" type="text/css" />

<style type="text/css">
.log { display: none;} 
.stack-trace { display: none;} 
</style>
<script type="text/javascript">
<!--
function flip(e) {
  current = e.style.display;
  if (current == 'block') {
    e.style.display = 'none';
    return 0;
  }
  else {
    e.style.display = 'block';
    return 1;
  }
}

function toggleBox(szDivId, elem, msg1, msg2)
{
  var res = -1;  if (document.getElementById) {
    res = flip(document.getElementById(szDivId));
  }
  else if (document.all) {
    // this is the way old msie versions work
    res = flip(document.all[szDivId]);
  }
  if(elem) {
    if(res == 0) elem.innerHTML = msg1; else elem.innerHTML = msg2;
  }

}

function toggleAllBoxes() {
  if (document.getElementsByTagName) {
    d = document.getElementsByTagName('div');
    for (i = 0; i < d.length; i++) {
      if (d[i].className == 'log') {
        flip(d[i]);
      }
    }
  }
}

// -->
</script>

</head>
<body>
<h2 align='center'>JewelryFlowTests</h2><table border='1' align="center">
<tr>
<td>Tests passed/Failed/Skipped:</td><td>4/0/2</td>
</tr><tr>
<td>Started on:</td><td>Fri Apr 25 10:33:23 IST 2025</td>
</tr>
<tr><td>Total time:</td><td>157 seconds (157902 ms)</td>
</tr><tr>
<td>Included groups:</td><td>jewelry </td>
</tr><tr>
<td>Excluded groups:</td><td></td>
</tr>
</table><p/>
<small><i>(Hover the method name to see the test class name)</i></small><p/>
<table width='100%' border='1' class='invocation-passed'>
<tr><td colspan='4' align='center'><b>PASSED TESTS</b></td></tr>
<tr><td><b>Test method</b></td>
<td><b>Attribute(s)</b></td>
<td width="30%"><b>Exception</b></td>
<td width="10%"><b>Time (seconds)</b></td>
<td><b>Instance</b></td>
</tr>
<tr>
<td title='jewelry.com.EarRings.jewelryEarRingFlow()'><b>jewelryEarRingFlow</b><br>Test class: jewelry.com.EarRings<br>Test method: Verifying the functionality of Earring. Selecting the studd, adding to the cart and completing checkout flow.</td>
<td></td>
<td>22</td>
<td>jewelry.com.EarRings@489115ef</td></tr>
<tr>
<td title='jewelry.com.TennisBraceletsFlow.tennisBracelets()'><b>tennisBracelets</b><br>Test class: jewelry.com.TennisBraceletsFlow<br>Test method: Tested the flow of TennisBraceletsFlow. Selecting the Bracelet, adding to the cart, and completing the checkout flow.</td>
<td></td>
<td>25</td>
<td>jewelry.com.TennisBraceletsFlow@198b6731</td></tr>
<tr>
<td title='jewelry.com.NecklacesFlow.jewelryEarRingFlow()'><b>jewelryEarRingFlow</b><br>Test class: jewelry.com.NecklacesFlow<br>Test method: Tested the flow of Necklace. Selecting the necklace, Adding diamond to the neckalce,then add to the cart and completing the checkout flow.</td>
<td></td>
<td>31</td>
<td>jewelry.com.NecklacesFlow@3857f613</td></tr>
<tr>
<td title='jewelry.com.GiftGuide.giftGuideFlow()'><b>giftGuideFlow</b><br>Test class: jewelry.com.GiftGuide<br>Test method: Tested the flow of Gift guide. Selecting the gift guide product, adding to cart, and completing checkout flow.</td>
<td></td>
<td>29</td>
<td>jewelry.com.GiftGuide@15de0b3c</td></tr>
</table><p>
<table width='100%' border='1' class='invocation-skipped'>
<tr><td colspan='4' align='center'><b>SKIPPED TESTS</b></td></tr>
<tr><td><b>Test method</b></td>
<td><b>Attribute(s)</b></td>
<td width="30%"><b>Exception</b></td>
<td width="10%"><b>Time (seconds)</b></td>
<td><b>Instance</b></td>
</tr>
<tr>
<td title='jewelry.com.TennisBraceletsFlow.tennisBracelets()'><b>tennisBracelets</b><br>Test class: jewelry.com.TennisBraceletsFlow<br>Test method: Tested the flow of TennisBraceletsFlow. Selecting the Bracelet, adding to the cart, and completing the checkout flow.</td>
<td><div><pre>org.openqa.selenium.ElementClickInterceptedException: element click intercepted: Element &lt;span role=&quot;button&quot; tabindex=&quot;0&quot; class=&quot;cursor-pointer&quot;&gt;...&lt;/span&gt; is not clickable at point (727, 119). Other element would receive the click: &lt;div class=&quot;needsclick  kl-private-reset-css-Xuajs1&quot; style=&quot;display: flex; flex-direction: column; width: 100%; margin: 0px; padding: 0px 15px 0px 0px; min-height: 500px; justify-content: center;&quot;&gt;...&lt;/div&gt;
  (Session info: chrome=135.0.7049.97)
Build info: version: &apos;4.28.1&apos;, revision: &apos;73f5ad48a2&apos;
System info: os.name: &apos;Windows 11&apos;, os.arch: &apos;amd64&apos;, os.version: &apos;10.0&apos;, java.version: &apos;21.0.5&apos;
Driver info: org.openqa.selenium.chrome.ChromeDriver
Command: [8cd31c96bbf636a7316135f9cfc5bb8e, clickElement {id=f.5AD1808A6D484A4878208FAC21CD66B1.d.749B8F354740BF9856FCAE8D8F46EB28.e.77}]
Capabilities {acceptInsecureCerts: false, browserName: chrome, browserVersion: 135.0.7049.97, chrome: {chromedriverVersion: 135.0.7049.114 (63fd8a7d9d0..., userDataDir: C:\Users\Naveen\AppData\Loc...}, fedcm:accounts: true, goog:chromeOptions: {debuggerAddress: localhost:55007}, networkConnectionEnabled: false, pageLoadStrategy: normal, platformName: windows, proxy: Proxy(), se:cdp: ws://localhost:55007/devtoo..., se:cdpVersion: 135.0.7049.97, setWindowRect: true, strictFileInteractability: false, timeouts: {implicit: 0, pageLoad: 300000, script: 30000}, unhandledPromptBehavior: dismiss and notify, webauthn:extension:credBlob: true, webauthn:extension:largeBlob: true, webauthn:extension:minPinLength: true, webauthn:extension:prf: true, webauthn:virtualAuthenticators: true}
Element: [[ChromeDriver: chrome on windows (8cd31c96bbf636a7316135f9cfc5bb8e)] -&gt; xpath: //span[text()=&apos;Jewelry&apos;]]
Session ID: 8cd31c96bbf636a7316135f9cfc5bb8e
	at org.openqa.selenium.remote.ErrorCodec.decode(ErrorCodec.java:167)
	at org.openqa.selenium.remote.codec.w3c.W3CHttpResponseCodec.decode(W3CHttpResponseCodec.java:138)
	at org.openqa.selenium.remote.codec.w3c.W3CHttpResponseCodec.decode(W3CHttpResponseCodec.java:50)
	at org.openqa.selenium.remote.HttpCommandExecutor.execute(HttpCommandExecutor.java:215)
	at org.openqa.selenium.remote.service.DriverCommandExecutor.invokeExecute(DriverCommandExecutor.java:216)
	at org.openqa.selenium.remote.service.DriverCommandExecutor.execute(DriverCommandExecutor.java:174)
	at org.openqa.selenium.remote.RemoteWebDriver.execute(RemoteWebDriver.java:545)
	at org.openqa.selenium.remote.RemoteWebElement.execute(RemoteWebElement.java:223)
	at org.openqa.selenium.remote.RemoteWebElement.click(RemoteWebElement.java:76)
	at pageobjects.com.FDPageObjectData.jewelryNav(FDPageObjectData.java:312)
	at jewelry.com.TennisBraceletsFlow.tennisBracelets(TennisBraceletsFlow.java:15)
	at java.base/java.util.ArrayList.forEach(ArrayList.java:1596)
... Removed 28 stack frames</pre></div><a href='#' onClick='toggleBox("stack-trace1198426006", this, "Click to show all stack frames", "Click to hide stack frames")'>Click to show all stack frames</a>
<div class='stack-trace' id='stack-trace1198426006'><pre>org.openqa.selenium.ElementClickInterceptedException: element click intercepted: Element &lt;span role=&quot;button&quot; tabindex=&quot;0&quot; class=&quot;cursor-pointer&quot;&gt;...&lt;/span&gt; is not clickable at point (727, 119). Other element would receive the click: &lt;div class=&quot;needsclick  kl-private-reset-css-Xuajs1&quot; style=&quot;display: flex; flex-direction: column; width: 100%; margin: 0px; padding: 0px 15px 0px 0px; min-height: 500px; justify-content: center;&quot;&gt;...&lt;/div&gt;
  (Session info: chrome=135.0.7049.97)
Build info: version: &apos;4.28.1&apos;, revision: &apos;73f5ad48a2&apos;
System info: os.name: &apos;Windows 11&apos;, os.arch: &apos;amd64&apos;, os.version: &apos;10.0&apos;, java.version: &apos;21.0.5&apos;
Driver info: org.openqa.selenium.chrome.ChromeDriver
Command: [8cd31c96bbf636a7316135f9cfc5bb8e, clickElement {id=f.5AD1808A6D484A4878208FAC21CD66B1.d.749B8F354740BF9856FCAE8D8F46EB28.e.77}]
Capabilities {acceptInsecureCerts: false, browserName: chrome, browserVersion: 135.0.7049.97, chrome: {chromedriverVersion: 135.0.7049.114 (63fd8a7d9d0..., userDataDir: C:\Users\Naveen\AppData\Loc...}, fedcm:accounts: true, goog:chromeOptions: {debuggerAddress: localhost:55007}, networkConnectionEnabled: false, pageLoadStrategy: normal, platformName: windows, proxy: Proxy(), se:cdp: ws://localhost:55007/devtoo..., se:cdpVersion: 135.0.7049.97, setWindowRect: true, strictFileInteractability: false, timeouts: {implicit: 0, pageLoad: 300000, script: 30000}, unhandledPromptBehavior: dismiss and notify, webauthn:extension:credBlob: true, webauthn:extension:largeBlob: true, webauthn:extension:minPinLength: true, webauthn:extension:prf: true, webauthn:virtualAuthenticators: true}
Element: [[ChromeDriver: chrome on windows (8cd31c96bbf636a7316135f9cfc5bb8e)] -&gt; xpath: //span[text()=&apos;Jewelry&apos;]]
Session ID: 8cd31c96bbf636a7316135f9cfc5bb8e
	at java.base/jdk.internal.reflect.DirectConstructorHandleAccessor.newInstance(DirectConstructorHandleAccessor.java:62)
	at java.base/java.lang.reflect.Constructor.newInstanceWithCaller(Constructor.java:502)
	at java.base/java.lang.reflect.Constructor.newInstance(Constructor.java:486)
	at org.openqa.selenium.remote.ErrorCodec.decode(ErrorCodec.java:167)
	at org.openqa.selenium.remote.codec.w3c.W3CHttpResponseCodec.decode(W3CHttpResponseCodec.java:138)
	at org.openqa.selenium.remote.codec.w3c.W3CHttpResponseCodec.decode(W3CHttpResponseCodec.java:50)
	at org.openqa.selenium.remote.HttpCommandExecutor.execute(HttpCommandExecutor.java:215)
	at org.openqa.selenium.remote.service.DriverCommandExecutor.invokeExecute(DriverCommandExecutor.java:216)
	at org.openqa.selenium.remote.service.DriverCommandExecutor.execute(DriverCommandExecutor.java:174)
	at org.openqa.selenium.remote.RemoteWebDriver.execute(RemoteWebDriver.java:545)
	at org.openqa.selenium.remote.RemoteWebElement.execute(RemoteWebElement.java:223)
	at org.openqa.selenium.remote.RemoteWebElement.click(RemoteWebElement.java:76)
	at pageobjects.com.FDPageObjectData.jewelryNav(FDPageObjectData.java:312)
	at jewelry.com.TennisBraceletsFlow.tennisBracelets(TennisBraceletsFlow.java:15)
	at java.base/jdk.internal.reflect.DirectMethodHandleAccessor.invoke(DirectMethodHandleAccessor.java:103)
	at java.base/java.lang.reflect.Method.invoke(Method.java:580)
	at org.testng.internal.invokers.MethodInvocationHelper.invokeMethod(MethodInvocationHelper.java:139)
	at org.testng.internal.invokers.TestInvoker.invokeMethod(TestInvoker.java:677)
	at org.testng.internal.invokers.TestInvoker.invokeTestMethod(TestInvoker.java:221)
	at org.testng.internal.invokers.MethodRunner.runInSequence(MethodRunner.java:50)
	at org.testng.internal.invokers.TestInvoker$MethodInvocationAgent.invoke(TestInvoker.java:969)
	at org.testng.internal.invokers.TestInvoker.invokeTestMethods(TestInvoker.java:194)
	at org.testng.internal.invokers.TestMethodWorker.invokeTestMethods(TestMethodWorker.java:148)
	at org.testng.internal.invokers.TestMethodWorker.run(TestMethodWorker.java:128)
	at java.base/java.util.ArrayList.forEach(ArrayList.java:1596)
	at org.testng.TestRunner.privateRun(TestRunner.java:829)
	at org.testng.TestRunner.run(TestRunner.java:602)
	at org.testng.SuiteRunner.runTest(SuiteRunner.java:437)
	at org.testng.SuiteRunner.runSequentially(SuiteRunner.java:431)
	at org.testng.SuiteRunner.privateRun(SuiteRunner.java:391)
	at org.testng.SuiteRunner.run(SuiteRunner.java:330)
	at org.testng.SuiteRunnerWorker.runSuite(SuiteRunnerWorker.java:52)
	at org.testng.SuiteRunnerWorker.run(SuiteRunnerWorker.java:95)
	at org.testng.TestNG.runSuitesSequentially(TestNG.java:1256)
	at org.testng.TestNG.runSuitesLocally(TestNG.java:1176)
	at org.testng.TestNG.runSuites(TestNG.java:1099)
	at org.testng.TestNG.run(TestNG.java:1067)
	at org.testng.remote.AbstractRemoteTestNG.run(AbstractRemoteTestNG.java:115)
	at org.testng.remote.RemoteTestNG.initAndRun(RemoteTestNG.java:293)
	at org.testng.remote.RemoteTestNG.main(RemoteTestNG.java:91)
</pre></div></td>
<td>1</td>
<td>jewelry.com.TennisBraceletsFlow@198b6731</td></tr>
<tr>
<td title='jewelry.com.NecklacesFlow.jewelryEarRingFlow()'><b>jewelryEarRingFlow</b><br>Test class: jewelry.com.NecklacesFlow<br>Test method: Tested the flow of Necklace. Selecting the necklace, Adding diamond to the neckalce,then add to the cart and completing the checkout flow.</td>
<td><div><pre>org.openqa.selenium.ElementClickInterceptedException: element click intercepted: Element &lt;div class=&quot;bg-white border-theme-blue relative group overflow-hidden text-theme-blue w-vw-1/2 h-vw-7/12 sm:h-vw-1/2 lg:w-vw-1/3 lg:h-vw-1/3  2xl:h-vw-1/4 2xl:w-vw-1/4 border-r border-b&quot; id=&quot;engagement-rings-8&quot;&gt;...&lt;/div&gt; is not clickable at point (1344, 486). Other element would receive the click: &lt;iframe title=&quot;Re:amaze Chat&quot; allow=&quot;microphone; camera&quot; allowfullscreen=&quot;&quot; allowtransparency=&quot;true&quot; style=&quot;width: 100% !important; height: 100% !important; border: 0px; position: relative;&quot;&gt;&lt;/iframe&gt;
  (Session info: chrome=135.0.7049.97)
Build info: version: &apos;4.28.1&apos;, revision: &apos;73f5ad48a2&apos;
System info: os.name: &apos;Windows 11&apos;, os.arch: &apos;amd64&apos;, os.version: &apos;10.0&apos;, java.version: &apos;21.0.5&apos;
Driver info: org.openqa.selenium.chrome.ChromeDriver
Command: [f6842d00b13cb9da8522c4cc909a6eef, clickElement {id=f.0F40D5D08013F02D9A36DA277210FD2C.d.2BAC3BC5AE3B0A58817656A01AC9AEBA.e.74}]
Capabilities {acceptInsecureCerts: false, browserName: chrome, browserVersion: 135.0.7049.97, chrome: {chromedriverVersion: 135.0.7049.114 (63fd8a7d9d0..., userDataDir: C:\Users\Naveen\AppData\Loc...}, fedcm:accounts: true, goog:chromeOptions: {debuggerAddress: localhost:54733}, networkConnectionEnabled: false, pageLoadStrategy: normal, platformName: windows, proxy: Proxy(), se:cdp: ws://localhost:54733/devtoo..., se:cdpVersion: 135.0.7049.97, setWindowRect: true, strictFileInteractability: false, timeouts: {implicit: 0, pageLoad: 300000, script: 30000}, unhandledPromptBehavior: dismiss and notify, webauthn:extension:credBlob: true, webauthn:extension:largeBlob: true, webauthn:extension:minPinLength: true, webauthn:extension:prf: true, webauthn:virtualAuthenticators: true}
Element: [[ChromeDriver: chrome on windows (f6842d00b13cb9da8522c4cc909a6eef)] -&gt; xpath: //div[contains(@class,&apos;w-vw-1/2 h&apos;) and contains(@id,&apos;engagement-rings&apos;)]]
Session ID: f6842d00b13cb9da8522c4cc909a6eef
	at org.openqa.selenium.remote.ErrorCodec.decode(ErrorCodec.java:167)
	at org.openqa.selenium.remote.codec.w3c.W3CHttpResponseCodec.decode(W3CHttpResponseCodec.java:138)
	at org.openqa.selenium.remote.codec.w3c.W3CHttpResponseCodec.decode(W3CHttpResponseCodec.java:50)
	at org.openqa.selenium.remote.HttpCommandExecutor.execute(HttpCommandExecutor.java:215)
	at org.openqa.selenium.remote.service.DriverCommandExecutor.invokeExecute(DriverCommandExecutor.java:216)
	at org.openqa.selenium.remote.service.DriverCommandExecutor.execute(DriverCommandExecutor.java:174)
	at org.openqa.selenium.remote.RemoteWebDriver.execute(RemoteWebDriver.java:545)
	at org.openqa.selenium.remote.RemoteWebElement.execute(RemoteWebElement.java:223)
	at org.openqa.selenium.remote.RemoteWebElement.click(RemoteWebElement.java:76)
	at pageobjects.com.FDPageObjectData.clickRandomProduct(FDPageObjectData.java:455)
	at jewelry.com.NecklacesFlow.jewelryEarRingFlow(NecklacesFlow.java:20)
	at java.base/java.util.ArrayList.forEach(ArrayList.java:1596)
... Removed 28 stack frames</pre></div><a href='#' onClick='toggleBox("stack-trace1215023524", this, "Click to show all stack frames", "Click to hide stack frames")'>Click to show all stack frames</a>
<div class='stack-trace' id='stack-trace1215023524'><pre>org.openqa.selenium.ElementClickInterceptedException: element click intercepted: Element &lt;div class=&quot;bg-white border-theme-blue relative group overflow-hidden text-theme-blue w-vw-1/2 h-vw-7/12 sm:h-vw-1/2 lg:w-vw-1/3 lg:h-vw-1/3  2xl:h-vw-1/4 2xl:w-vw-1/4 border-r border-b&quot; id=&quot;engagement-rings-8&quot;&gt;...&lt;/div&gt; is not clickable at point (1344, 486). Other element would receive the click: &lt;iframe title=&quot;Re:amaze Chat&quot; allow=&quot;microphone; camera&quot; allowfullscreen=&quot;&quot; allowtransparency=&quot;true&quot; style=&quot;width: 100% !important; height: 100% !important; border: 0px; position: relative;&quot;&gt;&lt;/iframe&gt;
  (Session info: chrome=135.0.7049.97)
Build info: version: &apos;4.28.1&apos;, revision: &apos;73f5ad48a2&apos;
System info: os.name: &apos;Windows 11&apos;, os.arch: &apos;amd64&apos;, os.version: &apos;10.0&apos;, java.version: &apos;21.0.5&apos;
Driver info: org.openqa.selenium.chrome.ChromeDriver
Command: [f6842d00b13cb9da8522c4cc909a6eef, clickElement {id=f.0F40D5D08013F02D9A36DA277210FD2C.d.2BAC3BC5AE3B0A58817656A01AC9AEBA.e.74}]
Capabilities {acceptInsecureCerts: false, browserName: chrome, browserVersion: 135.0.7049.97, chrome: {chromedriverVersion: 135.0.7049.114 (63fd8a7d9d0..., userDataDir: C:\Users\Naveen\AppData\Loc...}, fedcm:accounts: true, goog:chromeOptions: {debuggerAddress: localhost:54733}, networkConnectionEnabled: false, pageLoadStrategy: normal, platformName: windows, proxy: Proxy(), se:cdp: ws://localhost:54733/devtoo..., se:cdpVersion: 135.0.7049.97, setWindowRect: true, strictFileInteractability: false, timeouts: {implicit: 0, pageLoad: 300000, script: 30000}, unhandledPromptBehavior: dismiss and notify, webauthn:extension:credBlob: true, webauthn:extension:largeBlob: true, webauthn:extension:minPinLength: true, webauthn:extension:prf: true, webauthn:virtualAuthenticators: true}
Element: [[ChromeDriver: chrome on windows (f6842d00b13cb9da8522c4cc909a6eef)] -&gt; xpath: //div[contains(@class,&apos;w-vw-1/2 h&apos;) and contains(@id,&apos;engagement-rings&apos;)]]
Session ID: f6842d00b13cb9da8522c4cc909a6eef
	at java.base/jdk.internal.reflect.DirectConstructorHandleAccessor.newInstance(DirectConstructorHandleAccessor.java:62)
	at java.base/java.lang.reflect.Constructor.newInstanceWithCaller(Constructor.java:502)
	at java.base/java.lang.reflect.Constructor.newInstance(Constructor.java:486)
	at org.openqa.selenium.remote.ErrorCodec.decode(ErrorCodec.java:167)
	at org.openqa.selenium.remote.codec.w3c.W3CHttpResponseCodec.decode(W3CHttpResponseCodec.java:138)
	at org.openqa.selenium.remote.codec.w3c.W3CHttpResponseCodec.decode(W3CHttpResponseCodec.java:50)
	at org.openqa.selenium.remote.HttpCommandExecutor.execute(HttpCommandExecutor.java:215)
	at org.openqa.selenium.remote.service.DriverCommandExecutor.invokeExecute(DriverCommandExecutor.java:216)
	at org.openqa.selenium.remote.service.DriverCommandExecutor.execute(DriverCommandExecutor.java:174)
	at org.openqa.selenium.remote.RemoteWebDriver.execute(RemoteWebDriver.java:545)
	at org.openqa.selenium.remote.RemoteWebElement.execute(RemoteWebElement.java:223)
	at org.openqa.selenium.remote.RemoteWebElement.click(RemoteWebElement.java:76)
	at pageobjects.com.FDPageObjectData.clickRandomProduct(FDPageObjectData.java:455)
	at jewelry.com.NecklacesFlow.jewelryEarRingFlow(NecklacesFlow.java:20)
	at java.base/jdk.internal.reflect.DirectMethodHandleAccessor.invoke(DirectMethodHandleAccessor.java:103)
	at java.base/java.lang.reflect.Method.invoke(Method.java:580)
	at org.testng.internal.invokers.MethodInvocationHelper.invokeMethod(MethodInvocationHelper.java:139)
	at org.testng.internal.invokers.TestInvoker.invokeMethod(TestInvoker.java:677)
	at org.testng.internal.invokers.TestInvoker.invokeTestMethod(TestInvoker.java:221)
	at org.testng.internal.invokers.MethodRunner.runInSequence(MethodRunner.java:50)
	at org.testng.internal.invokers.TestInvoker$MethodInvocationAgent.invoke(TestInvoker.java:969)
	at org.testng.internal.invokers.TestInvoker.invokeTestMethods(TestInvoker.java:194)
	at org.testng.internal.invokers.TestMethodWorker.invokeTestMethods(TestMethodWorker.java:148)
	at org.testng.internal.invokers.TestMethodWorker.run(TestMethodWorker.java:128)
	at java.base/java.util.ArrayList.forEach(ArrayList.java:1596)
	at org.testng.TestRunner.privateRun(TestRunner.java:829)
	at org.testng.TestRunner.run(TestRunner.java:602)
	at org.testng.SuiteRunner.runTest(SuiteRunner.java:437)
	at org.testng.SuiteRunner.runSequentially(SuiteRunner.java:431)
	at org.testng.SuiteRunner.privateRun(SuiteRunner.java:391)
	at org.testng.SuiteRunner.run(SuiteRunner.java:330)
	at org.testng.SuiteRunnerWorker.runSuite(SuiteRunnerWorker.java:52)
	at org.testng.SuiteRunnerWorker.run(SuiteRunnerWorker.java:95)
	at org.testng.TestNG.runSuitesSequentially(TestNG.java:1256)
	at org.testng.TestNG.runSuitesLocally(TestNG.java:1176)
	at org.testng.TestNG.runSuites(TestNG.java:1099)
	at org.testng.TestNG.run(TestNG.java:1067)
	at org.testng.remote.AbstractRemoteTestNG.run(AbstractRemoteTestNG.java:115)
	at org.testng.remote.RemoteTestNG.initAndRun(RemoteTestNG.java:293)
	at org.testng.remote.RemoteTestNG.main(RemoteTestNG.java:91)
</pre></div></td>
<td>16</td>
<td>jewelry.com.NecklacesFlow@3857f613</td></tr>
</table><p>
</body>
</html>