<?xml version="1.0" encoding="UTF-8"?>
<!-- Generated by org.testng.reporters.JUnitXMLReporter -->
<testsuite ignored="0" hostname="DESKTOP-IDB4V0D" failures="1" tests="7" name="Wedding Navbar Flow Testcases" time="206.541" errors="0" timestamp="2025-05-20T16:52:57 IST">
  <testcase classname="weddings.library.com.MenWeddingBands" name="menWeddingBands" time="9.304">
    <skipped/>
  </testcase> <!-- menWeddingBands -->
  <testcase classname="weddings.library.com.MenWeddingBands" name="menWeddingBands" time="10.153">
    <failure type="org.openqa.selenium.ElementClickInterceptedException" message="element click intercepted: Element &amp;lt;button class=&amp;quot;w-full h-12 xl:h-16 border font-sans text-sm xl:text-lg 3xl:text-2xl 4xl:text-3xl 4xl:leading-none transition-colors duration-300 uppercase tracking-widest focus:outline-none border-theme-blue hover:bg-theme-blue bg-white text-theme-blue hover:text-white disabled:bg-white disabled:text-gray-400 disabled:border-gray-400 disabled:cursor-not-allowed&amp;quot; aria-disabled=&amp;quot;false&amp;quot; aria-busy=&amp;quot;false&amp;quot; id=&amp;quot;ring-add-to-cart&amp;quot; type=&amp;quot;button&amp;quot; value=&amp;quot;Continue&amp;quot;&amp;gt;...&amp;lt;/button&amp;gt; is not clickable at point (1272, 643). Other element would receive the click: &amp;lt;div role=&amp;quot;dialog&amp;quot; aria-modal=&amp;quot;true&amp;quot; aria-label=&amp;quot;POPUP Form&amp;quot; class=&amp;quot;needsclick  kl-private-reset-css-Xuajs1&amp;quot; style=&amp;quot;display: flex; z-index: 90000; position: fixed; left: 0px; top: 0px; width: 100%; height: 100%; justify-content: center; align-items: center; overflow: clip auto; background-color: rgb(0, 0, 0); animation-timing-function: ease; animation-play-state: running; animation-iteration-count: 1; animation-fill-mode: forwards; animation-delay: 0s; animation-duration: 0.35s; animation-name: klaviyo-fadein;&amp;quot;&amp;gt;...&amp;lt;/div&amp;gt;
  (Session info: chrome=136.0.7103.114)
Build info: version: &amp;apos;4.28.1&amp;apos;, revision: &amp;apos;73f5ad48a2&amp;apos;
System info: os.name: &amp;apos;Windows 11&amp;apos;, os.arch: &amp;apos;amd64&amp;apos;, os.version: &amp;apos;10.0&amp;apos;, java.version: &amp;apos;21.0.5&amp;apos;
Driver info: org.openqa.selenium.chrome.ChromeDriver
Command: [db33e3aa3951a82ff6fd34c951c108bd, clickElement {id=f.2C25E96B637395CBAFC1BE76A25E47A5.d.661BAC01ADA88727B51A14124E040E65.e.154}]
Capabilities {acceptInsecureCerts: false, browserName: chrome, browserVersion: 136.0.7103.114, chrome: {chromedriverVersion: 136.0.7103.94 (fa0be0b33deb..., userDataDir: C:\Users\Naveen\AppData\Loc...}, fedcm:accounts: true, goog:chromeOptions: {debuggerAddress: localhost:63356}, networkConnectionEnabled: false, pageLoadStrategy: normal, platformName: windows, proxy: Proxy(), se:cdp: ws://localhost:63356/devtoo..., se:cdpVersion: 136.0.7103.114, setWindowRect: true, strictFileInteractability: false, timeouts: {implicit: 0, pageLoad: 300000, script: 30000}, unhandledPromptBehavior: dismiss and notify, webauthn:extension:credBlob: true, webauthn:extension:largeBlob: true, webauthn:extension:minPinLength: true, webauthn:extension:prf: true, webauthn:virtualAuthenticators: true}
Element: [[ChromeDriver: chrome on windows (db33e3aa3951a82ff6fd34c951c108bd)] -&amp;gt; xpath: (//button[text()=&amp;apos;Add to Cart&amp;apos;])[2]]
Session ID: db33e3aa3951a82ff6fd34c951c108bd">
      <![CDATA[org.openqa.selenium.ElementClickInterceptedException: element click intercepted: Element <button class="w-full h-12 xl:h-16 border font-sans text-sm xl:text-lg 3xl:text-2xl 4xl:text-3xl 4xl:leading-none transition-colors duration-300 uppercase tracking-widest focus:outline-none border-theme-blue hover:bg-theme-blue bg-white text-theme-blue hover:text-white disabled:bg-white disabled:text-gray-400 disabled:border-gray-400 disabled:cursor-not-allowed" aria-disabled="false" aria-busy="false" id="ring-add-to-cart" type="button" value="Continue">...</button> is not clickable at point (1272, 643). Other element would receive the click: <div role="dialog" aria-modal="true" aria-label="POPUP Form" class="needsclick  kl-private-reset-css-Xuajs1" style="display: flex; z-index: 90000; position: fixed; left: 0px; top: 0px; width: 100%; height: 100%; justify-content: center; align-items: center; overflow: clip auto; background-color: rgb(0, 0, 0); animation-timing-function: ease; animation-play-state: running; animation-iteration-count: 1; animation-fill-mode: forwards; animation-delay: 0s; animation-duration: 0.35s; animation-name: klaviyo-fadein;">...</div>
  (Session info: chrome=136.0.7103.114)
Build info: version: '4.28.1', revision: '73f5ad48a2'
System info: os.name: 'Windows 11', os.arch: 'amd64', os.version: '10.0', java.version: '21.0.5'
Driver info: org.openqa.selenium.chrome.ChromeDriver
Command: [db33e3aa3951a82ff6fd34c951c108bd, clickElement {id=f.2C25E96B637395CBAFC1BE76A25E47A5.d.661BAC01ADA88727B51A14124E040E65.e.154}]
Capabilities {acceptInsecureCerts: false, browserName: chrome, browserVersion: 136.0.7103.114, chrome: {chromedriverVersion: 136.0.7103.94 (fa0be0b33deb..., userDataDir: C:\Users\Naveen\AppData\Loc...}, fedcm:accounts: true, goog:chromeOptions: {debuggerAddress: localhost:63356}, networkConnectionEnabled: false, pageLoadStrategy: normal, platformName: windows, proxy: Proxy(), se:cdp: ws://localhost:63356/devtoo..., se:cdpVersion: 136.0.7103.114, setWindowRect: true, strictFileInteractability: false, timeouts: {implicit: 0, pageLoad: 300000, script: 30000}, unhandledPromptBehavior: dismiss and notify, webauthn:extension:credBlob: true, webauthn:extension:largeBlob: true, webauthn:extension:minPinLength: true, webauthn:extension:prf: true, webauthn:virtualAuthenticators: true}
Element: [[ChromeDriver: chrome on windows (db33e3aa3951a82ff6fd34c951c108bd)] -> xpath: (//button[text()='Add to Cart'])[2]]
Session ID: db33e3aa3951a82ff6fd34c951c108bd
at org.openqa.selenium.remote.ErrorCodec.decode(ErrorCodec.java:167)
at org.openqa.selenium.remote.codec.w3c.W3CHttpResponseCodec.decode(W3CHttpResponseCodec.java:138)
at org.openqa.selenium.remote.codec.w3c.W3CHttpResponseCodec.decode(W3CHttpResponseCodec.java:50)
at org.openqa.selenium.remote.HttpCommandExecutor.execute(HttpCommandExecutor.java:215)
at org.openqa.selenium.remote.service.DriverCommandExecutor.invokeExecute(DriverCommandExecutor.java:216)
at org.openqa.selenium.remote.service.DriverCommandExecutor.execute(DriverCommandExecutor.java:174)
at org.openqa.selenium.remote.RemoteWebDriver.execute(RemoteWebDriver.java:545)
at org.openqa.selenium.remote.RemoteWebElement.execute(RemoteWebElement.java:223)
at org.openqa.selenium.remote.RemoteWebElement.click(RemoteWebElement.java:76)
at pageobjects.com.FDPageObjectData.addToCartButton(FDPageObjectData.java:269)
at weddings.library.com.MenWeddingBands.menWeddingBands(MenWeddingBands.java:24)
at java.base/java.util.ArrayList.forEach(ArrayList.java:1596)
... Removed 28 stack frames]]>
    </failure>
  </testcase> <!-- menWeddingBands -->
  <testcase classname="weddings.library.com.AnniversaryRings" name="anniversaryRingFlow" time="25.615"/>
  <testcase classname="weddings.library.com.StackingRings" name="stackingRingsFlow" time="26.852"/>
  <testcase classname="weddings.library.com.DiamondBands" name="diamondBandFlow" time="27.348"/>
  <testcase classname="weddings.library.com.EternityBand" name="eternityBandFlow" time="26.719"/>
  <testcase classname="weddings.library.com.GoldBands" name="goldBands" time="27.1"/>
</testsuite> <!-- Wedding Navbar Flow Testcases -->
