<html>
<head>
<title>TestNG:  Wedding Navbar Flow Testcases</title>
<link href="../testng.css" rel="stylesheet" type="text/css" />
<link href="../my-testng.css" rel="stylesheet" type="text/css" />

<style type="text/css">
.log { display: none;} 
.stack-trace { display: none;} 
</style>
<script type="text/javascript">
<!--
function flip(e) {
  current = e.style.display;
  if (current == 'block') {
    e.style.display = 'none';
    return 0;
  }
  else {
    e.style.display = 'block';
    return 1;
  }
}

function toggleBox(szDivId, elem, msg1, msg2)
{
  var res = -1;  if (document.getElementById) {
    res = flip(document.getElementById(szDivId));
  }
  else if (document.all) {
    // this is the way old msie versions work
    res = flip(document.all[szDivId]);
  }
  if(elem) {
    if(res == 0) elem.innerHTML = msg1; else elem.innerHTML = msg2;
  }

}

function toggleAllBoxes() {
  if (document.getElementsByTagName) {
    d = document.getElementsByTagName('div');
    for (i = 0; i < d.length; i++) {
      if (d[i].className == 'log') {
        flip(d[i]);
      }
    }
  }
}

// -->
</script>

</head>
<body>
<h2 align='center'>Wedding Navbar Flow Testcases</h2><table border='1' align="center">
<tr>
<td>Tests passed/Failed/Skipped:</td><td>5/1/1</td>
</tr><tr>
<td>Started on:</td><td>Tue May 20 16:49:30 IST 2025</td>
</tr>
<tr><td>Total time:</td><td>206 seconds (206541 ms)</td>
</tr><tr>
<td>Included groups:</td><td>Wedding </td>
</tr><tr>
<td>Excluded groups:</td><td></td>
</tr>
</table><p/>
<small><i>(Hover the method name to see the test class name)</i></small><p/>
<table width='100%' border='1' class='invocation-failed'>
<tr><td colspan='4' align='center'><b>FAILED TESTS</b></td></tr>
<tr><td><b>Test method</b></td>
<td><b>Attribute(s)</b></td>
<td width="30%"><b>Exception</b></td>
<td width="10%"><b>Time (seconds)</b></td>
<td><b>Instance</b></td>
</tr>
<tr>
<td title='weddings.library.com.MenWeddingBands.menWeddingBands()'><b>menWeddingBands</b><br>Test class: weddings.library.com.MenWeddingBands<br>Test method: Tested the flow of Men Wedding bands. Selecting the Men Wedding Band, adding the product to cart and completing the checkout flow.</td>
<td><div><pre>org.openqa.selenium.ElementClickInterceptedException: element click intercepted: Element &lt;button class=&quot;w-full h-12 xl:h-16 border font-sans text-sm xl:text-lg 3xl:text-2xl 4xl:text-3xl 4xl:leading-none transition-colors duration-300 uppercase tracking-widest focus:outline-none border-theme-blue hover:bg-theme-blue bg-white text-theme-blue hover:text-white disabled:bg-white disabled:text-gray-400 disabled:border-gray-400 disabled:cursor-not-allowed&quot; aria-disabled=&quot;false&quot; aria-busy=&quot;false&quot; id=&quot;ring-add-to-cart&quot; type=&quot;button&quot; value=&quot;Continue&quot;&gt;...&lt;/button&gt; is not clickable at point (1272, 643). Other element would receive the click: &lt;div role=&quot;dialog&quot; aria-modal=&quot;true&quot; aria-label=&quot;POPUP Form&quot; class=&quot;needsclick  kl-private-reset-css-Xuajs1&quot; style=&quot;display: flex; z-index: 90000; position: fixed; left: 0px; top: 0px; width: 100%; height: 100%; justify-content: center; align-items: center; overflow: clip auto; background-color: rgb(0, 0, 0); animation-timing-function: ease; animation-play-state: running; animation-iteration-count: 1; animation-fill-mode: forwards; animation-delay: 0s; animation-duration: 0.35s; animation-name: klaviyo-fadein;&quot;&gt;...&lt;/div&gt;
  (Session info: chrome=136.0.7103.114)
Build info: version: &apos;4.28.1&apos;, revision: &apos;73f5ad48a2&apos;
System info: os.name: &apos;Windows 11&apos;, os.arch: &apos;amd64&apos;, os.version: &apos;10.0&apos;, java.version: &apos;21.0.5&apos;
Driver info: org.openqa.selenium.chrome.ChromeDriver
Command: [db33e3aa3951a82ff6fd34c951c108bd, clickElement {id=f.2C25E96B637395CBAFC1BE76A25E47A5.d.661BAC01ADA88727B51A14124E040E65.e.154}]
Capabilities {acceptInsecureCerts: false, browserName: chrome, browserVersion: 136.0.7103.114, chrome: {chromedriverVersion: 136.0.7103.94 (fa0be0b33deb..., userDataDir: C:\Users\Naveen\AppData\Loc...}, fedcm:accounts: true, goog:chromeOptions: {debuggerAddress: localhost:63356}, networkConnectionEnabled: false, pageLoadStrategy: normal, platformName: windows, proxy: Proxy(), se:cdp: ws://localhost:63356/devtoo..., se:cdpVersion: 136.0.7103.114, setWindowRect: true, strictFileInteractability: false, timeouts: {implicit: 0, pageLoad: 300000, script: 30000}, unhandledPromptBehavior: dismiss and notify, webauthn:extension:credBlob: true, webauthn:extension:largeBlob: true, webauthn:extension:minPinLength: true, webauthn:extension:prf: true, webauthn:virtualAuthenticators: true}
Element: [[ChromeDriver: chrome on windows (db33e3aa3951a82ff6fd34c951c108bd)] -&gt; xpath: (//button[text()=&apos;Add to Cart&apos;])[2]]
Session ID: db33e3aa3951a82ff6fd34c951c108bd
	at org.openqa.selenium.remote.ErrorCodec.decode(ErrorCodec.java:167)
	at org.openqa.selenium.remote.codec.w3c.W3CHttpResponseCodec.decode(W3CHttpResponseCodec.java:138)
	at org.openqa.selenium.remote.codec.w3c.W3CHttpResponseCodec.decode(W3CHttpResponseCodec.java:50)
	at org.openqa.selenium.remote.HttpCommandExecutor.execute(HttpCommandExecutor.java:215)
	at org.openqa.selenium.remote.service.DriverCommandExecutor.invokeExecute(DriverCommandExecutor.java:216)
	at org.openqa.selenium.remote.service.DriverCommandExecutor.execute(DriverCommandExecutor.java:174)
	at org.openqa.selenium.remote.RemoteWebDriver.execute(RemoteWebDriver.java:545)
	at org.openqa.selenium.remote.RemoteWebElement.execute(RemoteWebElement.java:223)
	at org.openqa.selenium.remote.RemoteWebElement.click(RemoteWebElement.java:76)
	at pageobjects.com.FDPageObjectData.addToCartButton(FDPageObjectData.java:269)
	at weddings.library.com.MenWeddingBands.menWeddingBands(MenWeddingBands.java:24)
	at java.base/java.util.ArrayList.forEach(ArrayList.java:1596)
... Removed 28 stack frames</pre></div><a href='#' onClick='toggleBox("stack-trace644323208", this, "Click to show all stack frames", "Click to hide stack frames")'>Click to show all stack frames</a>
<div class='stack-trace' id='stack-trace644323208'><pre>org.openqa.selenium.ElementClickInterceptedException: element click intercepted: Element &lt;button class=&quot;w-full h-12 xl:h-16 border font-sans text-sm xl:text-lg 3xl:text-2xl 4xl:text-3xl 4xl:leading-none transition-colors duration-300 uppercase tracking-widest focus:outline-none border-theme-blue hover:bg-theme-blue bg-white text-theme-blue hover:text-white disabled:bg-white disabled:text-gray-400 disabled:border-gray-400 disabled:cursor-not-allowed&quot; aria-disabled=&quot;false&quot; aria-busy=&quot;false&quot; id=&quot;ring-add-to-cart&quot; type=&quot;button&quot; value=&quot;Continue&quot;&gt;...&lt;/button&gt; is not clickable at point (1272, 643). Other element would receive the click: &lt;div role=&quot;dialog&quot; aria-modal=&quot;true&quot; aria-label=&quot;POPUP Form&quot; class=&quot;needsclick  kl-private-reset-css-Xuajs1&quot; style=&quot;display: flex; z-index: 90000; position: fixed; left: 0px; top: 0px; width: 100%; height: 100%; justify-content: center; align-items: center; overflow: clip auto; background-color: rgb(0, 0, 0); animation-timing-function: ease; animation-play-state: running; animation-iteration-count: 1; animation-fill-mode: forwards; animation-delay: 0s; animation-duration: 0.35s; animation-name: klaviyo-fadein;&quot;&gt;...&lt;/div&gt;
  (Session info: chrome=136.0.7103.114)
Build info: version: &apos;4.28.1&apos;, revision: &apos;73f5ad48a2&apos;
System info: os.name: &apos;Windows 11&apos;, os.arch: &apos;amd64&apos;, os.version: &apos;10.0&apos;, java.version: &apos;21.0.5&apos;
Driver info: org.openqa.selenium.chrome.ChromeDriver
Command: [db33e3aa3951a82ff6fd34c951c108bd, clickElement {id=f.2C25E96B637395CBAFC1BE76A25E47A5.d.661BAC01ADA88727B51A14124E040E65.e.154}]
Capabilities {acceptInsecureCerts: false, browserName: chrome, browserVersion: 136.0.7103.114, chrome: {chromedriverVersion: 136.0.7103.94 (fa0be0b33deb..., userDataDir: C:\Users\Naveen\AppData\Loc...}, fedcm:accounts: true, goog:chromeOptions: {debuggerAddress: localhost:63356}, networkConnectionEnabled: false, pageLoadStrategy: normal, platformName: windows, proxy: Proxy(), se:cdp: ws://localhost:63356/devtoo..., se:cdpVersion: 136.0.7103.114, setWindowRect: true, strictFileInteractability: false, timeouts: {implicit: 0, pageLoad: 300000, script: 30000}, unhandledPromptBehavior: dismiss and notify, webauthn:extension:credBlob: true, webauthn:extension:largeBlob: true, webauthn:extension:minPinLength: true, webauthn:extension:prf: true, webauthn:virtualAuthenticators: true}
Element: [[ChromeDriver: chrome on windows (db33e3aa3951a82ff6fd34c951c108bd)] -&gt; xpath: (//button[text()=&apos;Add to Cart&apos;])[2]]
Session ID: db33e3aa3951a82ff6fd34c951c108bd
	at java.base/jdk.internal.reflect.DirectConstructorHandleAccessor.newInstance(DirectConstructorHandleAccessor.java:62)
	at java.base/java.lang.reflect.Constructor.newInstanceWithCaller(Constructor.java:502)
	at java.base/java.lang.reflect.Constructor.newInstance(Constructor.java:486)
	at org.openqa.selenium.remote.ErrorCodec.decode(ErrorCodec.java:167)
	at org.openqa.selenium.remote.codec.w3c.W3CHttpResponseCodec.decode(W3CHttpResponseCodec.java:138)
	at org.openqa.selenium.remote.codec.w3c.W3CHttpResponseCodec.decode(W3CHttpResponseCodec.java:50)
	at org.openqa.selenium.remote.HttpCommandExecutor.execute(HttpCommandExecutor.java:215)
	at org.openqa.selenium.remote.service.DriverCommandExecutor.invokeExecute(DriverCommandExecutor.java:216)
	at org.openqa.selenium.remote.service.DriverCommandExecutor.execute(DriverCommandExecutor.java:174)
	at org.openqa.selenium.remote.RemoteWebDriver.execute(RemoteWebDriver.java:545)
	at org.openqa.selenium.remote.RemoteWebElement.execute(RemoteWebElement.java:223)
	at org.openqa.selenium.remote.RemoteWebElement.click(RemoteWebElement.java:76)
	at pageobjects.com.FDPageObjectData.addToCartButton(FDPageObjectData.java:269)
	at weddings.library.com.MenWeddingBands.menWeddingBands(MenWeddingBands.java:24)
	at java.base/jdk.internal.reflect.DirectMethodHandleAccessor.invoke(DirectMethodHandleAccessor.java:103)
	at java.base/java.lang.reflect.Method.invoke(Method.java:580)
	at org.testng.internal.invokers.MethodInvocationHelper.invokeMethod(MethodInvocationHelper.java:139)
	at org.testng.internal.invokers.TestInvoker.invokeMethod(TestInvoker.java:677)
	at org.testng.internal.invokers.TestInvoker.retryFailed(TestInvoker.java:263)
	at org.testng.internal.invokers.MethodRunner.runInSequence(MethodRunner.java:62)
	at org.testng.internal.invokers.TestInvoker$MethodInvocationAgent.invoke(TestInvoker.java:969)
	at org.testng.internal.invokers.TestInvoker.invokeTestMethods(TestInvoker.java:194)
	at org.testng.internal.invokers.TestMethodWorker.invokeTestMethods(TestMethodWorker.java:148)
	at org.testng.internal.invokers.TestMethodWorker.run(TestMethodWorker.java:128)
	at java.base/java.util.ArrayList.forEach(ArrayList.java:1596)
	at org.testng.TestRunner.privateRun(TestRunner.java:829)
	at org.testng.TestRunner.run(TestRunner.java:602)
	at org.testng.SuiteRunner.runTest(SuiteRunner.java:437)
	at org.testng.SuiteRunner.runSequentially(SuiteRunner.java:431)
	at org.testng.SuiteRunner.privateRun(SuiteRunner.java:391)
	at org.testng.SuiteRunner.run(SuiteRunner.java:330)
	at org.testng.SuiteRunnerWorker.runSuite(SuiteRunnerWorker.java:52)
	at org.testng.SuiteRunnerWorker.run(SuiteRunnerWorker.java:95)
	at org.testng.TestNG.runSuitesSequentially(TestNG.java:1256)
	at org.testng.TestNG.runSuitesLocally(TestNG.java:1176)
	at org.testng.TestNG.runSuites(TestNG.java:1099)
	at org.testng.TestNG.run(TestNG.java:1067)
	at org.testng.remote.AbstractRemoteTestNG.run(AbstractRemoteTestNG.java:115)
	at org.testng.remote.RemoteTestNG.initAndRun(RemoteTestNG.java:293)
	at org.testng.remote.RemoteTestNG.main(RemoteTestNG.java:91)
</pre></div></td>
<td>10</td>
<td>weddings.library.com.MenWeddingBands@1ce24091</td></tr>
</table><p>
<table width='100%' border='1' class='invocation-passed'>
<tr><td colspan='4' align='center'><b>PASSED TESTS</b></td></tr>
<tr><td><b>Test method</b></td>
<td><b>Attribute(s)</b></td>
<td width="30%"><b>Exception</b></td>
<td width="10%"><b>Time (seconds)</b></td>
<td><b>Instance</b></td>
</tr>
<tr>
<td title='weddings.library.com.StackingRings.stackingRingsFlow()'><b>stackingRingsFlow</b><br>Test class: weddings.library.com.StackingRings<br>Test method: Tested the flow of Stacking Rings. Selecting the Stacking ring, adding to the cart and completing the checkout.</td>
<td></td>
<td>26</td>
<td>weddings.library.com.StackingRings@7a8c8dcf</td></tr>
<tr>
<td title='weddings.library.com.GoldBands.goldBands()'><b>goldBands</b><br>Test class: weddings.library.com.GoldBands<br>Test method: Tested the flow of Gold Bands. Selecting the gold band ring, adding to the cart and completing checkout flow.</td>
<td></td>
<td>27</td>
<td>weddings.library.com.GoldBands@24aed80c</td></tr>
<tr>
<td title='weddings.library.com.DiamondBands.diamondBandFlow()'><b>diamondBandFlow</b><br>Test class: weddings.library.com.DiamondBands<br>Test method: Tested the flow of Diamond bands. Selecting the Diamond, adding to the cart and completing the checkout flow.</td>
<td></td>
<td>27</td>
<td>weddings.library.com.DiamondBands@24269709</td></tr>
<tr>
<td title='weddings.library.com.AnniversaryRings.anniversaryRingFlow()'><b>anniversaryRingFlow</b><br>Test class: weddings.library.com.AnniversaryRings<br>Test method: Tested the flow Anniversay Ring. Selecting the anniversary Ring, adding to the cart, and completing the checkout flow.</td>
<td></td>
<td>25</td>
<td>weddings.library.com.AnniversaryRings@5dda768f</td></tr>
<tr>
<td title='weddings.library.com.EternityBand.eternityBandFlow()'><b>eternityBandFlow</b><br>Test class: weddings.library.com.EternityBand<br>Test method: Tested the flow of Eternity band. Selecting the Eternity Ring, adding to the cart and completing the checkout flow.</td>
<td></td>
<td>26</td>
<td>weddings.library.com.EternityBand@2aceadd4</td></tr>
</table><p>
<table width='100%' border='1' class='invocation-skipped'>
<tr><td colspan='4' align='center'><b>SKIPPED TESTS</b></td></tr>
<tr><td><b>Test method</b></td>
<td><b>Attribute(s)</b></td>
<td width="30%"><b>Exception</b></td>
<td width="10%"><b>Time (seconds)</b></td>
<td><b>Instance</b></td>
</tr>
<tr>
<td title='weddings.library.com.MenWeddingBands.menWeddingBands()'><b>menWeddingBands</b><br>Test class: weddings.library.com.MenWeddingBands<br>Test method: Tested the flow of Men Wedding bands. Selecting the Men Wedding Band, adding the product to cart and completing the checkout flow.</td>
<td><div><pre>org.openqa.selenium.ElementClickInterceptedException: element click intercepted: Element &lt;button class=&quot;w-full h-12 xl:h-16 border font-sans text-sm xl:text-lg 3xl:text-2xl 4xl:text-3xl 4xl:leading-none transition-colors duration-300 uppercase tracking-widest focus:outline-none border-theme-blue hover:bg-theme-blue bg-white text-theme-blue hover:text-white disabled:bg-white disabled:text-gray-400 disabled:border-gray-400 disabled:cursor-not-allowed&quot; aria-disabled=&quot;false&quot; aria-busy=&quot;false&quot; id=&quot;ring-add-to-cart&quot; type=&quot;button&quot; value=&quot;Continue&quot;&gt;...&lt;/button&gt; is not clickable at point (1272, 643). Other element would receive the click: &lt;div role=&quot;dialog&quot; aria-modal=&quot;true&quot; aria-label=&quot;POPUP Form&quot; class=&quot;needsclick  kl-private-reset-css-Xuajs1&quot; style=&quot;display: flex; z-index: 90000; position: fixed; left: 0px; top: 0px; width: 100%; height: 100%; justify-content: center; align-items: center; overflow: clip auto; background-color: rgb(0, 0, 0); animation-timing-function: ease; animation-play-state: running; animation-iteration-count: 1; animation-fill-mode: forwards; animation-delay: 0s; animation-duration: 0.35s; animation-name: klaviyo-fadein;&quot;&gt;...&lt;/div&gt;
  (Session info: chrome=136.0.7103.114)
Build info: version: &apos;4.28.1&apos;, revision: &apos;73f5ad48a2&apos;
System info: os.name: &apos;Windows 11&apos;, os.arch: &apos;amd64&apos;, os.version: &apos;10.0&apos;, java.version: &apos;21.0.5&apos;
Driver info: org.openqa.selenium.chrome.ChromeDriver
Command: [ba22d7fe6342e1b22c8858f9e1c2ce61, clickElement {id=f.46B5B4EE58886608477D2C861706441E.d.6A5EF78ACD02181E15FAAA29156DBCBB.e.170}]
Capabilities {acceptInsecureCerts: false, browserName: chrome, browserVersion: 136.0.7103.114, chrome: {chromedriverVersion: 136.0.7103.94 (fa0be0b33deb..., userDataDir: C:\Users\Naveen\AppData\Loc...}, fedcm:accounts: true, goog:chromeOptions: {debuggerAddress: localhost:63256}, networkConnectionEnabled: false, pageLoadStrategy: normal, platformName: windows, proxy: Proxy(), se:cdp: ws://localhost:63256/devtoo..., se:cdpVersion: 136.0.7103.114, setWindowRect: true, strictFileInteractability: false, timeouts: {implicit: 0, pageLoad: 300000, script: 30000}, unhandledPromptBehavior: dismiss and notify, webauthn:extension:credBlob: true, webauthn:extension:largeBlob: true, webauthn:extension:minPinLength: true, webauthn:extension:prf: true, webauthn:virtualAuthenticators: true}
Element: [[ChromeDriver: chrome on windows (ba22d7fe6342e1b22c8858f9e1c2ce61)] -&gt; xpath: (//button[text()=&apos;Add to Cart&apos;])[2]]
Session ID: ba22d7fe6342e1b22c8858f9e1c2ce61
	at org.openqa.selenium.remote.ErrorCodec.decode(ErrorCodec.java:167)
	at org.openqa.selenium.remote.codec.w3c.W3CHttpResponseCodec.decode(W3CHttpResponseCodec.java:138)
	at org.openqa.selenium.remote.codec.w3c.W3CHttpResponseCodec.decode(W3CHttpResponseCodec.java:50)
	at org.openqa.selenium.remote.HttpCommandExecutor.execute(HttpCommandExecutor.java:215)
	at org.openqa.selenium.remote.service.DriverCommandExecutor.invokeExecute(DriverCommandExecutor.java:216)
	at org.openqa.selenium.remote.service.DriverCommandExecutor.execute(DriverCommandExecutor.java:174)
	at org.openqa.selenium.remote.RemoteWebDriver.execute(RemoteWebDriver.java:545)
	at org.openqa.selenium.remote.RemoteWebElement.execute(RemoteWebElement.java:223)
	at org.openqa.selenium.remote.RemoteWebElement.click(RemoteWebElement.java:76)
	at pageobjects.com.FDPageObjectData.addToCartButton(FDPageObjectData.java:269)
	at weddings.library.com.MenWeddingBands.menWeddingBands(MenWeddingBands.java:24)
	at java.base/java.util.ArrayList.forEach(ArrayList.java:1596)
... Removed 28 stack frames</pre></div><a href='#' onClick='toggleBox("stack-trace1652114818", this, "Click to show all stack frames", "Click to hide stack frames")'>Click to show all stack frames</a>
<div class='stack-trace' id='stack-trace1652114818'><pre>org.openqa.selenium.ElementClickInterceptedException: element click intercepted: Element &lt;button class=&quot;w-full h-12 xl:h-16 border font-sans text-sm xl:text-lg 3xl:text-2xl 4xl:text-3xl 4xl:leading-none transition-colors duration-300 uppercase tracking-widest focus:outline-none border-theme-blue hover:bg-theme-blue bg-white text-theme-blue hover:text-white disabled:bg-white disabled:text-gray-400 disabled:border-gray-400 disabled:cursor-not-allowed&quot; aria-disabled=&quot;false&quot; aria-busy=&quot;false&quot; id=&quot;ring-add-to-cart&quot; type=&quot;button&quot; value=&quot;Continue&quot;&gt;...&lt;/button&gt; is not clickable at point (1272, 643). Other element would receive the click: &lt;div role=&quot;dialog&quot; aria-modal=&quot;true&quot; aria-label=&quot;POPUP Form&quot; class=&quot;needsclick  kl-private-reset-css-Xuajs1&quot; style=&quot;display: flex; z-index: 90000; position: fixed; left: 0px; top: 0px; width: 100%; height: 100%; justify-content: center; align-items: center; overflow: clip auto; background-color: rgb(0, 0, 0); animation-timing-function: ease; animation-play-state: running; animation-iteration-count: 1; animation-fill-mode: forwards; animation-delay: 0s; animation-duration: 0.35s; animation-name: klaviyo-fadein;&quot;&gt;...&lt;/div&gt;
  (Session info: chrome=136.0.7103.114)
Build info: version: &apos;4.28.1&apos;, revision: &apos;73f5ad48a2&apos;
System info: os.name: &apos;Windows 11&apos;, os.arch: &apos;amd64&apos;, os.version: &apos;10.0&apos;, java.version: &apos;21.0.5&apos;
Driver info: org.openqa.selenium.chrome.ChromeDriver
Command: [ba22d7fe6342e1b22c8858f9e1c2ce61, clickElement {id=f.46B5B4EE58886608477D2C861706441E.d.6A5EF78ACD02181E15FAAA29156DBCBB.e.170}]
Capabilities {acceptInsecureCerts: false, browserName: chrome, browserVersion: 136.0.7103.114, chrome: {chromedriverVersion: 136.0.7103.94 (fa0be0b33deb..., userDataDir: C:\Users\Naveen\AppData\Loc...}, fedcm:accounts: true, goog:chromeOptions: {debuggerAddress: localhost:63256}, networkConnectionEnabled: false, pageLoadStrategy: normal, platformName: windows, proxy: Proxy(), se:cdp: ws://localhost:63256/devtoo..., se:cdpVersion: 136.0.7103.114, setWindowRect: true, strictFileInteractability: false, timeouts: {implicit: 0, pageLoad: 300000, script: 30000}, unhandledPromptBehavior: dismiss and notify, webauthn:extension:credBlob: true, webauthn:extension:largeBlob: true, webauthn:extension:minPinLength: true, webauthn:extension:prf: true, webauthn:virtualAuthenticators: true}
Element: [[ChromeDriver: chrome on windows (ba22d7fe6342e1b22c8858f9e1c2ce61)] -&gt; xpath: (//button[text()=&apos;Add to Cart&apos;])[2]]
Session ID: ba22d7fe6342e1b22c8858f9e1c2ce61
	at java.base/jdk.internal.reflect.DirectConstructorHandleAccessor.newInstance(DirectConstructorHandleAccessor.java:62)
	at java.base/java.lang.reflect.Constructor.newInstanceWithCaller(Constructor.java:502)
	at java.base/java.lang.reflect.Constructor.newInstance(Constructor.java:486)
	at org.openqa.selenium.remote.ErrorCodec.decode(ErrorCodec.java:167)
	at org.openqa.selenium.remote.codec.w3c.W3CHttpResponseCodec.decode(W3CHttpResponseCodec.java:138)
	at org.openqa.selenium.remote.codec.w3c.W3CHttpResponseCodec.decode(W3CHttpResponseCodec.java:50)
	at org.openqa.selenium.remote.HttpCommandExecutor.execute(HttpCommandExecutor.java:215)
	at org.openqa.selenium.remote.service.DriverCommandExecutor.invokeExecute(DriverCommandExecutor.java:216)
	at org.openqa.selenium.remote.service.DriverCommandExecutor.execute(DriverCommandExecutor.java:174)
	at org.openqa.selenium.remote.RemoteWebDriver.execute(RemoteWebDriver.java:545)
	at org.openqa.selenium.remote.RemoteWebElement.execute(RemoteWebElement.java:223)
	at org.openqa.selenium.remote.RemoteWebElement.click(RemoteWebElement.java:76)
	at pageobjects.com.FDPageObjectData.addToCartButton(FDPageObjectData.java:269)
	at weddings.library.com.MenWeddingBands.menWeddingBands(MenWeddingBands.java:24)
	at java.base/jdk.internal.reflect.DirectMethodHandleAccessor.invoke(DirectMethodHandleAccessor.java:103)
	at java.base/java.lang.reflect.Method.invoke(Method.java:580)
	at org.testng.internal.invokers.MethodInvocationHelper.invokeMethod(MethodInvocationHelper.java:139)
	at org.testng.internal.invokers.TestInvoker.invokeMethod(TestInvoker.java:677)
	at org.testng.internal.invokers.TestInvoker.invokeTestMethod(TestInvoker.java:221)
	at org.testng.internal.invokers.MethodRunner.runInSequence(MethodRunner.java:50)
	at org.testng.internal.invokers.TestInvoker$MethodInvocationAgent.invoke(TestInvoker.java:969)
	at org.testng.internal.invokers.TestInvoker.invokeTestMethods(TestInvoker.java:194)
	at org.testng.internal.invokers.TestMethodWorker.invokeTestMethods(TestMethodWorker.java:148)
	at org.testng.internal.invokers.TestMethodWorker.run(TestMethodWorker.java:128)
	at java.base/java.util.ArrayList.forEach(ArrayList.java:1596)
	at org.testng.TestRunner.privateRun(TestRunner.java:829)
	at org.testng.TestRunner.run(TestRunner.java:602)
	at org.testng.SuiteRunner.runTest(SuiteRunner.java:437)
	at org.testng.SuiteRunner.runSequentially(SuiteRunner.java:431)
	at org.testng.SuiteRunner.privateRun(SuiteRunner.java:391)
	at org.testng.SuiteRunner.run(SuiteRunner.java:330)
	at org.testng.SuiteRunnerWorker.runSuite(SuiteRunnerWorker.java:52)
	at org.testng.SuiteRunnerWorker.run(SuiteRunnerWorker.java:95)
	at org.testng.TestNG.runSuitesSequentially(TestNG.java:1256)
	at org.testng.TestNG.runSuitesLocally(TestNG.java:1176)
	at org.testng.TestNG.runSuites(TestNG.java:1099)
	at org.testng.TestNG.run(TestNG.java:1067)
	at org.testng.remote.AbstractRemoteTestNG.run(AbstractRemoteTestNG.java:115)
	at org.testng.remote.RemoteTestNG.initAndRun(RemoteTestNG.java:293)
	at org.testng.remote.RemoteTestNG.main(RemoteTestNG.java:91)
</pre></div></td>
<td>9</td>
<td>weddings.library.com.MenWeddingBands@1ce24091</td></tr>
</table><p>
</body>
</html>