<?xml version="1.0" encoding="UTF-8"?>
<!-- Generated by org.testng.reporters.JUnitXMLReporter -->
<testsuite ignored="0" hostname="DESKTOP-IDB4V0D" failures="1" tests="1" name="jewelryTennisBraceletsFlowTest" time="15.645" errors="0" timestamp="2025-04-17T11:47:33 IST">
  <testcase classname="jewelry.com.TennisBraceletsFlow" name="tennisBracelets" time="1.162">
    <failure type="org.openqa.selenium.ElementClickInterceptedException" message="element click intercepted: Element &amp;lt;span role=&amp;quot;button&amp;quot; tabindex=&amp;quot;0&amp;quot; class=&amp;quot;cursor-pointer&amp;quot;&amp;gt;...&amp;lt;/span&amp;gt; is not clickable at point (727, 119). Other element would receive the click: &amp;lt;div class=&amp;quot;needsclick  kl-private-reset-css-Xuajs1&amp;quot; style=&amp;quot;display: flex; flex-direction: column; width: 100%; margin: 0px; padding: 0px 15px 0px 0px; min-height: 500px; justify-content: center;&amp;quot;&amp;gt;...&amp;lt;/div&amp;gt;
  (Session info: chrome=135.0.7049.85)
Build info: version: &amp;apos;4.28.1&amp;apos;, revision: &amp;apos;73f5ad48a2&amp;apos;
System info: os.name: &amp;apos;Windows 11&amp;apos;, os.arch: &amp;apos;amd64&amp;apos;, os.version: &amp;apos;10.0&amp;apos;, java.version: &amp;apos;21.0.5&amp;apos;
Driver info: org.openqa.selenium.chrome.ChromeDriver
Command: [701b13bc0b11a0a9318d1212b2d11ca3, clickElement {id=f.863126F30CC625290B2AF08C6C8CEC6C.d.25F6DAD31D3D53E886EFB520E9594A04.e.75}]
Capabilities {acceptInsecureCerts: false, browserName: chrome, browserVersion: 135.0.7049.85, chrome: {chromedriverVersion: 135.0.7049.95 (de2eb485a195..., userDataDir: C:\Users\Naveen\AppData\Loc...}, fedcm:accounts: true, goog:chromeOptions: {debuggerAddress: localhost:52205}, networkConnectionEnabled: false, pageLoadStrategy: normal, platformName: windows, proxy: Proxy(), se:cdp: ws://localhost:52205/devtoo..., se:cdpVersion: 135.0.7049.85, setWindowRect: true, strictFileInteractability: false, timeouts: {implicit: 0, pageLoad: 300000, script: 30000}, unhandledPromptBehavior: dismiss and notify, webauthn:extension:credBlob: true, webauthn:extension:largeBlob: true, webauthn:extension:minPinLength: true, webauthn:extension:prf: true, webauthn:virtualAuthenticators: true}
Element: [[ChromeDriver: chrome on windows (701b13bc0b11a0a9318d1212b2d11ca3)] -&amp;gt; xpath: //span[text()=&amp;apos;Jewelry&amp;apos;]]
Session ID: 701b13bc0b11a0a9318d1212b2d11ca3">
      <![CDATA[org.openqa.selenium.ElementClickInterceptedException: element click intercepted: Element <span role="button" tabindex="0" class="cursor-pointer">...</span> is not clickable at point (727, 119). Other element would receive the click: <div class="needsclick  kl-private-reset-css-Xuajs1" style="display: flex; flex-direction: column; width: 100%; margin: 0px; padding: 0px 15px 0px 0px; min-height: 500px; justify-content: center;">...</div>
  (Session info: chrome=135.0.7049.85)
Build info: version: '4.28.1', revision: '73f5ad48a2'
System info: os.name: 'Windows 11', os.arch: 'amd64', os.version: '10.0', java.version: '21.0.5'
Driver info: org.openqa.selenium.chrome.ChromeDriver
Command: [701b13bc0b11a0a9318d1212b2d11ca3, clickElement {id=f.863126F30CC625290B2AF08C6C8CEC6C.d.25F6DAD31D3D53E886EFB520E9594A04.e.75}]
Capabilities {acceptInsecureCerts: false, browserName: chrome, browserVersion: 135.0.7049.85, chrome: {chromedriverVersion: 135.0.7049.95 (de2eb485a195..., userDataDir: C:\Users\Naveen\AppData\Loc...}, fedcm:accounts: true, goog:chromeOptions: {debuggerAddress: localhost:52205}, networkConnectionEnabled: false, pageLoadStrategy: normal, platformName: windows, proxy: Proxy(), se:cdp: ws://localhost:52205/devtoo..., se:cdpVersion: 135.0.7049.85, setWindowRect: true, strictFileInteractability: false, timeouts: {implicit: 0, pageLoad: 300000, script: 30000}, unhandledPromptBehavior: dismiss and notify, webauthn:extension:credBlob: true, webauthn:extension:largeBlob: true, webauthn:extension:minPinLength: true, webauthn:extension:prf: true, webauthn:virtualAuthenticators: true}
Element: [[ChromeDriver: chrome on windows (701b13bc0b11a0a9318d1212b2d11ca3)] -> xpath: //span[text()='Jewelry']]
Session ID: 701b13bc0b11a0a9318d1212b2d11ca3
at org.openqa.selenium.remote.ErrorCodec.decode(ErrorCodec.java:167)
at org.openqa.selenium.remote.codec.w3c.W3CHttpResponseCodec.decode(W3CHttpResponseCodec.java:138)
at org.openqa.selenium.remote.codec.w3c.W3CHttpResponseCodec.decode(W3CHttpResponseCodec.java:50)
at org.openqa.selenium.remote.HttpCommandExecutor.execute(HttpCommandExecutor.java:215)
at org.openqa.selenium.remote.service.DriverCommandExecutor.invokeExecute(DriverCommandExecutor.java:216)
at org.openqa.selenium.remote.service.DriverCommandExecutor.execute(DriverCommandExecutor.java:174)
at org.openqa.selenium.remote.RemoteWebDriver.execute(RemoteWebDriver.java:545)
at org.openqa.selenium.remote.RemoteWebElement.execute(RemoteWebElement.java:223)
at org.openqa.selenium.remote.RemoteWebElement.click(RemoteWebElement.java:76)
at pageobjects.com.FDPageObjectData.jewelryNav(FDPageObjectData.java:309)
at jewelry.com.TennisBraceletsFlow.tennisBracelets(TennisBraceletsFlow.java:15)
at java.base/java.util.ArrayList.forEach(ArrayList.java:1596)
... Removed 28 stack frames]]>
    </failure>
  </testcase> <!-- tennisBracelets -->
</testsuite> <!-- jewelryTennisBraceletsFlowTest -->
